<?xml version="1.0" encoding="utf-8"?>
<TestRun id="fa264a8b-8689-4fdf-b657-5555487e161c" name="ajwbl@AUSTINS-DESKTOP 2024-11-04 22:07:18" runUser="AUSTINS-DESKTOP\ajwbl" xmlns="http://microsoft.com/schemas/VisualStudio/TeamTest/2010">
  <Times creation="2024-11-04T22:07:18.5436273-08:00" queuing="2024-11-04T22:07:18.5436276-08:00" start="2024-11-04T22:07:16.7832871-08:00" finish="2024-11-04T22:07:18.6095099-08:00" />
  <TestSettings name="default" id="09eeb5bb-2ce7-4a7a-93a2-23ac9cbb05e2">
    <Deployment runDeploymentRoot="ajwbl_AUSTINS-DESKTOP_2024-11-04_22_07_18" />
  </TestSettings>
  <Results>
    <UnitTestResult executionId="eb246d1b-15e6-407e-91b2-57e85fd3455e" testId="7046f0e1-26a1-7e31-11aa-7eea0eaa6e02" testName="Stress_multipleLevels" computerName="AUSTINS-DESKTOP" duration="00:00:00.0220000" startTime="2024-11-04T22:07:18.0223880-08:00" endTime="2024-11-04T22:07:18.0232518-08:00" testType="13cdc9d9-ddb5-4fa4-a97d-d965ccfc6d4b" outcome="Passed" testListId="8c84fa94-04c1-424b-9868-57a2d4851a1d" relativeResultsDirectory="eb246d1b-15e6-407e-91b2-57e85fd3455e">
      <Output>
        <ErrorInfo>
          <Message>WARNING:
    Detected &lt;220&gt; orphan nodes during test execution!</Message>
        </ErrorInfo>
      </Output>
    </UnitTestResult>
  </Results>
  <TestDefinitions>
    <UnitTest name="Stress_multipleLevels" storage="c:\users\ajwbl\git\cs-383-project\.godot\mono\temp\bin\debug\towergame.dll" id="7046f0e1-26a1-7e31-11aa-7eea0eaa6e02">
      <Execution id="eb246d1b-15e6-407e-91b2-57e85fd3455e" />
      <TestMethod codeBase="C:\Users\ajwbl\git\CS-383-Project\.godot\mono\temp\bin\Debug\TowerGame.dll" adapterTypeName="executor://gdunit4.testadapter/" className="AustinsTests.LevelManagerTests" name="Stress_multipleLevels" />
    </UnitTest>
  </TestDefinitions>
  <TestEntries>
    <TestEntry testId="7046f0e1-26a1-7e31-11aa-7eea0eaa6e02" executionId="eb246d1b-15e6-407e-91b2-57e85fd3455e" testListId="8c84fa94-04c1-424b-9868-57a2d4851a1d" />
  </TestEntries>
  <TestLists>
    <TestList name="Results Not in a List" id="8c84fa94-04c1-424b-9868-57a2d4851a1d" />
    <TestList name="All Loaded Results" id="19431567-8539-422a-85d7-44ee4e166bda" />
  </TestLists>
  <ResultSummary outcome="Completed">
    <Counters total="1" executed="1" passed="1" failed="0" error="0" timeout="0" aborted="0" inconclusive="0" passedButRunAborted="0" notRunnable="0" notExecuted="0" disconnected="0" warning="0" completed="0" inProgress="0" pending="0" />
    <Output>
      <StdOut>CheckGdUnit4ApiVersion gdUnit4Api, Version=4.3.1.0&#xD;
Start executing tests, 1 TestCases total.&#xD;
Current directory set to: C:\Users\ajwbl\git\CS-383-Project&#xD;
Run with args  --path . res://gdunit4_testadapter/TestAdapterRunner.tscn --testadapter --configfile="C:\Users\ajwbl\git\CS-383-Project\GdUnitRunner_6a5722b3-8968-4fad-bd9a-23ac0517103c.cfg" &#xD;
TestEventReportServer:: Wait for connecting GdUnit4 test report client.&#xD;
TestEventReportServer:: TestAdapterReporter: Successfully connected to GdUnit4 test report server!&#xD;
Error: WARNING: res://src/Austin/scenes/map.tscn:4 - ext_resource, invalid UID: uid://jc8wp10efe6g - using text path instead: res://src/Austin/assets/KnightQuest_Tiles_nospace.png&#xD;
Error: at: load (scene/resources/resource_format_text.cpp:453)&#xD;
Error: WARNING: res://src/Ankit/Scenes/building_platform.tscn:3 - ext_resource, invalid UID: uid://b1eo6ibn0n7q1 - using text path instead: res://src/Ankit/Assets/Platform-tower.png&#xD;
Error: at: load (scene/resources/resource_format_text.cpp:453)&#xD;
TestEventReportServer:: TestAdapterReporter: Disconnecting from GdUnit4 test report server.&#xD;
Error: ERROR: 60 RID allocations of type 'P11GodotArea2D' were leaked at exit.&#xD;
Error: ERROR: 171 RID allocations of type 'P12GodotShape2D' were leaked at exit.&#xD;
Error: WARNING: 220 RIDs of type "CanvasItem" were leaked.&#xD;
Error: at: _free_rids (servers/rendering/renderer_canvas_cull.cpp:2485)&#xD;
Error: ERROR: 3 RID allocations of type 'N10RendererRD14TextureStorage7TextureE' were leaked at exit.&#xD;
Error: ERROR: 1 RID allocations of type 'N10RendererRD14TextureStorage13CanvasTextureE' were leaked at exit.&#xD;
Error: WARNING: 6 RIDs of type "Texture" were leaked.&#xD;
Error: at: finalize (servers/rendering/rendering_device.cpp:5758)&#xD;
Error: WARNING: ObjectDB instances leaked at exit (run with --verbose for details).&#xD;
Error: at: cleanup (core/object/object.cpp:2284)&#xD;
Error: ERROR: 6 resources still in use at exit (run with --verbose for details).&#xD;
Error: at: clear (core/io/resource.cpp:604)&#xD;
Godot ends with exit code: 0&#xD;
Run TestRunner ends with 0&#xD;
</StdOut>
    </Output>
  </ResultSummary>
</TestRun>