<?xml version="1.0" encoding="utf-8"?>
<TestRun id="c646a187-14a5-42b6-ba40-a1514a3411f2" name="ajwbl@AUSTINS-DESKTOP 2024-11-06 21:51:39" runUser="AUSTINS-DESKTOP\ajwbl" xmlns="http://microsoft.com/schemas/VisualStudio/TeamTest/2010">
  <Times creation="2024-11-06T21:51:39.9791766-08:00" queuing="2024-11-06T21:51:39.9791767-08:00" start="2024-11-06T21:51:38.6481346-08:00" finish="2024-11-06T21:51:40.0187094-08:00" />
  <TestSettings name="default" id="6a7c6aae-83f5-487e-b243-c7def6f60cea">
    <Deployment runDeploymentRoot="ajwbl_AUSTINS-DESKTOP_2024-11-06_21_51_39" />
  </TestSettings>
  <Results>
    <UnitTestResult executionId="7ba55c82-f371-434d-99da-5d95f7091670" testId="5726a57c-5bbb-ea16-7fc7-f022f42d458e" testName="Unit_setNullMap" computerName="AUSTINS-DESKTOP" duration="00:00:00.0160000" startTime="2024-11-06T21:51:39.8213729-08:00" endTime="2024-11-06T21:51:39.8222516-08:00" testType="13cdc9d9-ddb5-4fa4-a97d-d965ccfc6d4b" outcome="Passed" testListId="8c84fa94-04c1-424b-9868-57a2d4851a1d" relativeResultsDirectory="7ba55c82-f371-434d-99da-5d95f7091670" />
  </Results>
  <TestDefinitions>
    <UnitTest name="Unit_setNullMap" storage="c:\users\ajwbl\git\cs-383-project\.godot\mono\temp\bin\debug\towergame.dll" id="5726a57c-5bbb-ea16-7fc7-f022f42d458e">
      <Execution id="7ba55c82-f371-434d-99da-5d95f7091670" />
      <TestMethod codeBase="C:\Users\ajwbl\git\CS-383-Project\.godot\mono\temp\bin\Debug\TowerGame.dll" adapterTypeName="executor://gdunit4.testadapter/" className="AustinsTests.LevelManagerTests" name="Unit_setNullMap" />
    </UnitTest>
  </TestDefinitions>
  <TestEntries>
    <TestEntry testId="5726a57c-5bbb-ea16-7fc7-f022f42d458e" executionId="7ba55c82-f371-434d-99da-5d95f7091670" testListId="8c84fa94-04c1-424b-9868-57a2d4851a1d" />
  </TestEntries>
  <TestLists>
    <TestList name="Results Not in a List" id="8c84fa94-04c1-424b-9868-57a2d4851a1d" />
    <TestList name="All Loaded Results" id="19431567-8539-422a-85d7-44ee4e166bda" />
  </TestLists>
  <ResultSummary outcome="Completed">
    <Counters total="1" executed="1" passed="1" failed="0" error="0" timeout="0" aborted="0" inconclusive="0" passedButRunAborted="0" notRunnable="0" notExecuted="0" disconnected="0" warning="0" completed="0" inProgress="0" pending="0" />
    <Output>
      <StdOut>CheckGdUnit4ApiVersion gdUnit4Api, Version=4.3.1.0&#xD;
Start executing tests, 1 TestCases total.&#xD;
Current directory set to: C:\Users\ajwbl\git\CS-383-Project&#xD;
Run with args  --path . res://gdunit4_testadapter/TestAdapterRunner.tscn --testadapter --configfile="C:\Users\ajwbl\git\CS-383-Project\GdUnitRunner_b12f00ac-005b-4783-a3c2-1d5f83f5fb84.cfg" &#xD;
TestEventReportServer:: Wait for connecting GdUnit4 test report client.&#xD;
TestEventReportServer:: TestAdapterReporter: Successfully connected to GdUnit4 test report server!&#xD;
TestEventReportServer:: TestAdapterReporter: Disconnecting from GdUnit4 test report server.&#xD;
Error: WARNING: ObjectDB instances leaked at exit (run with --verbose for details).&#xD;
Error: at: cleanup (core/object/object.cpp:2284)&#xD;
Godot ends with exit code: 0&#xD;
Run TestRunner ends with 0&#xD;
</StdOut>
    </Output>
  </ResultSummary>
</TestRun>